<?xml version="1.0" encoding="UTF-8"?>
<!-- Generated by org.testng.reporters.JUnitReportReporter -->
<testsuite hostname="Rukmangathan" failures="0" tests="4" name="com.testng.org.Grouping" time="73.962" errors="0" timestamp="2021-05-18T02:01:59 IST" skipped="0">
  <testcase classname="com.testng.org.Grouping" name="adidas" time="11.115"/>
  <testcase classname="com.testng.org.Grouping" name="flipkart" time="12.906"/>
  <testcase classname="com.testng.org.Grouping" name="amazon" time="9.692"/>
  <testcase classname="com.testng.org.Grouping" name="nike" time="40.249"/>
</testsuite> <!-- com.testng.org.Grouping -->
