<?xml version="1.0" encoding="UTF-8"?>
<!-- Generated by org.testng.reporters.JUnitReportReporter -->
<testsuite hostname="Rukmangathan" failures="0" tests="11" name="com.testng.org.MultipleTimes" time="0.034" errors="0" timestamp="2021-05-15T22:18:04 IST" skipped="0">
  <testcase classname="com.testng.org.MultipleTimes" name="searchlaptop" time="0.002"/>
  <testcase classname="com.testng.org.MultipleTimes" name="searchlaptop" time="0.002"/>
  <testcase classname="com.testng.org.MultipleTimes" name="searchmob" time="0.002"/>
  <testcase classname="com.testng.org.MultipleTimes" name="setup" time="0.001"/>
  <testcase classname="com.testng.org.MultipleTimes" name="BrowswerLaunch" time="0.018"/>
  <testcase classname="com.testng.org.MultipleTimes" name="login" time="0.002"/>
  <testcase classname="com.testng.org.MultipleTimes" name="searchlaptop" time="0.001"/>
  <testcase classname="com.testng.org.MultipleTimes" name="setup" time="0.001"/>
  <testcase classname="com.testng.org.MultipleTimes" name="setup" time="0.001"/>
  <testcase classname="com.testng.org.MultipleTimes" name="setup" time="0.002"/>
  <testcase classname="com.testng.org.MultipleTimes" name="url" time="0.002"/>
</testsuite> <!-- com.testng.org.MultipleTimes -->
