<?xml version="1.0" encoding="UTF-8"?>
<!-- Generated by org.testng.reporters.JUnitReportReporter -->
<testsuite hostname="Rukmangathan" failures="0" tests="3" name="com.testng.org.IgnoreTest" time="0.024" errors="0" timestamp="2021-05-15T21:52:55 IST" skipped="1">
  <testcase classname="com.testng.org.IgnoreTest" name="searchmob" time="0.002"/>
  <testcase classname="com.testng.org.IgnoreTest" name="BrowserLaunch" time="0.022"/>
  <testcase classname="com.testng.org.IgnoreTest" name="login">
    <skipped/>
  </testcase> <!-- login -->
</testsuite> <!-- com.testng.org.IgnoreTest -->
