<?xml version="1.0" encoding="UTF-8"?>
<!-- Generated by org.testng.reporters.JUnitReportReporter -->
<testsuite hostname="Rukmangathan" failures="0" tests="3" name="com.testng.org.Dataprovider" time="0.031" errors="0" timestamp="2021-05-19T22:39:52 IST" skipped="0">
  <testcase classname="com.testng.org.Dataprovider" name="credential" time="0.004"/>
  <testcase classname="com.testng.org.Dataprovider" name="credential" time="0.023"/>
  <testcase classname="com.testng.org.Dataprovider" name="credential" time="0.004"/>
</testsuite> <!-- com.testng.org.Dataprovider -->
