<?xml version="1.0" encoding="UTF-8"?>
<!-- Generated by org.testng.reporters.JUnitReportReporter -->
<testsuite hostname="Rukmangathan" failures="0" tests="2" name="com.testng.org.assertmethods" time="0.026" errors="0" timestamp="2021-05-20T21:56:22 IST" skipped="0">
  <testcase classname="com.testng.org.assertmethods" name="softassert" time="0.005"/>
  <testcase classname="com.testng.org.assertmethods" name="hardassert" time="0.021"/>
</testsuite> <!-- com.testng.org.assertmethods -->
