<?xml version="1.0" encoding="UTF-8"?>
<!-- Generated by org.testng.reporters.JUnitReportReporter -->
<testsuite hostname="Rukmangathan" failures="0" tests="2" name="com.testng.org.Exception" time="0.028" errors="0" timestamp="2021-05-15T22:57:06 IST" skipped="0">
  <testcase classname="com.testng.org.Exception" name="divide" time="0.003"/>
  <testcase classname="com.testng.org.Exception" name="add" time="0.025"/>
</testsuite> <!-- com.testng.org.Exception -->
