<?xml version="1.0" encoding="UTF-8"?>
<!-- Generated by org.testng.reporters.JUnitReportReporter -->
<testsuite hostname="Rukmangathan" failures="0" tests="4" name="com.testng.org.PriorityTest" time="0.032" errors="0" timestamp="2021-05-15T22:02:36 IST" skipped="0">
  <testcase classname="com.testng.org.PriorityTest" name="searchmob" time="0.025"/>
  <testcase classname="com.testng.org.PriorityTest" name="url" time="0.001"/>
  <testcase classname="com.testng.org.PriorityTest" name="login" time="0.003"/>
  <testcase classname="com.testng.org.PriorityTest" name="searchlaptop" time="0.003"/>
</testsuite> <!-- com.testng.org.PriorityTest -->
