<?xml version="1.0" encoding="UTF-8"?>
<!-- Generated by org.testng.reporters.JUnitReportReporter -->
<testsuite hostname="Rukmangathan" failures="0" tests="1" name="com.testng.org.Parameterizedtest" time="0.034" errors="0" timestamp="2021-05-19T22:28:15 IST" skipped="0">
  <testcase classname="com.testng.org.Parameterizedtest" name="credential" time="0.034"/>
</testsuite> <!-- com.testng.org.Parameterizedtest -->
