<?xml version="1.0" encoding="UTF-8"?>
<!-- Generated by org.testng.reporters.JUnitReportReporter -->
<testsuite hostname="Rukmangathan" failures="0" tests="6" name="com.testng.org.dependency" time="0.026" errors="0" timestamp="2021-05-21T22:53:06 IST" skipped="0">
  <testcase classname="com.testng.org.dependency" name="b" time="0.002"/>
  <testcase classname="com.testng.org.dependency" name="a" time="0.001"/>
  <testcase classname="com.testng.org.dependency" name="c" time="0.002"/>
  <testcase classname="com.testng.org.dependency" name="e" time="0.003"/>
  <testcase classname="com.testng.org.dependency" name="f" time="0.001"/>
  <testcase classname="com.testng.org.dependency" name="d" time="0.017"/>
</testsuite> <!-- com.testng.org.dependency -->
