<?xml version="1.0" encoding="UTF-8"?>
<!-- Generated by org.testng.reporters.JUnitReportReporter -->
<testsuite hostname="Rukmangathan" failures="0" tests="2" name="com.testng.org.simpleAnnotation" time="0.015" errors="0" timestamp="2021-05-14T19:35:54 IST" skipped="0">
  <testcase classname="com.testng.org.simpleAnnotation" name="searchmob" time="0.003"/>
  <testcase classname="com.testng.org.simpleAnnotation" name="searchlaptop" time="0.012"/>
</testsuite> <!-- com.testng.org.simpleAnnotation -->
