<?xml version="1.0" encoding="UTF-8"?>
<!-- Generated by org.testng.reporters.JUnitReportReporter -->
<testsuite hostname="Rukmangathan" failures="0" tests="3" name="com.testng.org.ParallelTest" time="40.194" errors="0" timestamp="2021-05-18T00:37:08 IST" skipped="0">
  <testcase classname="com.testng.org.ParallelTest" name="amazon" time="12.198"/>
  <testcase classname="com.testng.org.ParallelTest" name="ajio" time="15.674"/>
  <testcase classname="com.testng.org.ParallelTest" name="myntra" time="12.322"/>
</testsuite> <!-- com.testng.org.ParallelTest -->
