<?xml version="1.0" encoding="UTF-8"?>
<!-- Generated by org.testng.reporters.JUnitReportReporter -->
<testsuite hostname="Rukmangathan" failures="0" tests="3" name="com.testing.org.paralleltest" time="45.828" errors="0" timestamp="2021-05-17T23:45:40 IST" skipped="0">
  <testcase classname="com.testing.org.paralleltest" name="amazon" time="12.047"/>
  <testcase classname="com.testing.org.paralleltest" name="ajio" time="14.945"/>
  <testcase classname="com.testing.org.paralleltest" name="myntra" time="18.836"/>
</testsuite> <!-- com.testing.org.paralleltest -->
