<?xml version="1.0" encoding="UTF-8"?>
<!-- Generated by org.testng.reporters.JUnitReportReporter -->
<testsuite hostname="Rukmangathan" failures="0" tests="2" name="com.testing.org.simpleannotations" time="0.021" errors="0" timestamp="2021-05-15T19:44:29 IST" skipped="0">
  <testcase classname="com.testing.org.simpleannotations" name="searchmob" time="0.003"/>
  <testcase classname="com.testing.org.simpleannotations" name="searchdress" time="0.018"/>
</testsuite> <!-- com.testing.org.simpleannotations -->
