<?xml version="1.0" encoding="UTF-8"?>
<!-- Generated by org.testng.reporters.JUnitReportReporter -->
<testsuite hostname="Rukmangathan" failures="0" tests="2" name="com.testing.org.assertmtds" time="0.035" errors="0" timestamp="2021-05-20T21:52:11 IST" skipped="0">
  <testcase classname="com.testing.org.assertmtds" name="softassert" time="0.009"/>
  <testcase classname="com.testing.org.assertmtds" name="hardassert" time="0.026"/>
</testsuite> <!-- com.testing.org.assertmtds -->
