<?xml version="1.0" encoding="UTF-8"?>
<!-- Generated by org.testng.reporters.JUnitReportReporter -->
<testsuite hostname="Rukmangathan" failures="0" tests="3" name="com.testing.org.IgnoreTest" time="0.023" errors="0" timestamp="2021-05-15T21:49:16 IST" skipped="1">
  <testcase classname="com.testing.org.IgnoreTest" name="searchmob" time="0.002"/>
  <testcase classname="com.testing.org.IgnoreTest" name="BrowserLaunch" time="0.021"/>
  <testcase classname="com.testing.org.IgnoreTest" name="login">
    <skipped/>
  </testcase> <!-- login -->
</testsuite> <!-- com.testing.org.IgnoreTest -->
