<?xml version="1.0" encoding="UTF-8"?>
<!-- Generated by org.testng.reporters.JUnitReportReporter -->
<testsuite hostname="Rukmangathan" failures="0" tests="4" name="com.testing.org.grouping" time="56.742" errors="0" timestamp="2021-05-18T01:15:37 IST" skipped="0">
  <testcase classname="com.testing.org.grouping" name="flipkart" time="10.054"/>
  <testcase classname="com.testing.org.grouping" name="myntra" time="17.067"/>
  <testcase classname="com.testing.org.grouping" name="amazon" time="10.607"/>
  <testcase classname="com.testing.org.grouping" name="ajio" time="19.014"/>
</testsuite> <!-- com.testing.org.grouping -->
