<?xml version="1.0" encoding="UTF-8"?>
<!-- Generated by org.testng.reporters.JUnitReportReporter -->
<testsuite hostname="Rukmangathan" failures="0" tests="1" name="com.testing.org.parameterizedtest" time="0.014" errors="0" timestamp="2021-05-19T18:54:49 IST" skipped="0">
  <testcase classname="com.testing.org.parameterizedtest" name="credential" time="0.014"/>
</testsuite> <!-- com.testing.org.parameterizedtest -->
