<?xml version="1.0" encoding="UTF-8"?>
<!-- Generated by org.testng.reporters.JUnitReportReporter -->
<testsuite hostname="Rukmangathan" failures="0" tests="6" name="com.maven.org.MavenMiruProject.dependency" time="0.041" errors="0" timestamp="2021-05-21T22:48:46 IST" skipped="0">
  <testcase classname="com.maven.org.MavenMiruProject.dependency" name="b" time="0.003"/>
  <testcase classname="com.maven.org.MavenMiruProject.dependency" name="a" time="0.001"/>
  <testcase classname="com.maven.org.MavenMiruProject.dependency" name="c" time="0.004"/>
  <testcase classname="com.maven.org.MavenMiruProject.dependency" name="e" time="0.003"/>
  <testcase classname="com.maven.org.MavenMiruProject.dependency" name="f" time="0.002"/>
  <testcase classname="com.maven.org.MavenMiruProject.dependency" name="d" time="0.028"/>
</testsuite> <!-- com.maven.org.MavenMiruProject.dependency -->
