<?xml version="1.0" encoding="UTF-8"?>
<!-- Generated by org.testng.reporters.JUnitReportReporter -->
<testsuite hostname="Rukmangathan" failures="0" tests="3" name="com.testing.org.dataprovider" time="0.019" errors="0" timestamp="2021-05-19T22:39:28 IST" skipped="0">
  <testcase classname="com.testing.org.dataprovider" name="credential" time="0.002"/>
  <testcase classname="com.testing.org.dataprovider" name="credential" time="0.014"/>
  <testcase classname="com.testing.org.dataprovider" name="credential" time="0.003"/>
</testsuite> <!-- com.testing.org.dataprovider -->
